
The following have been reloaded with a version change:
  1) cpu/0.17.3b => cpu/0.15.4

2024-02-22 08:54:13,664 INFO impl.MetricsConfig: Loaded properties from hadoop-metrics2.properties
2024-02-22 08:54:13,736 INFO impl.MetricsSystemImpl: Scheduled Metric snapshot period at 10 second(s).
2024-02-22 08:54:13,736 INFO impl.MetricsSystemImpl: JobTracker metrics system started
Exception in thread "main" org.apache.hadoop.mapred.FileAlreadyExistsException: Output directory file:/home/ssunku1/project1/output already exists
	at org.apache.hadoop.mapreduce.lib.output.FileOutputFormat.checkOutputSpecs(FileOutputFormat.java:164)
	at org.apache.hadoop.mapreduce.JobSubmitter.checkSpecs(JobSubmitter.java:277)
	at org.apache.hadoop.mapreduce.JobSubmitter.submitJobInternal(JobSubmitter.java:143)
	at org.apache.hadoop.mapreduce.Job$11.run(Job.java:1565)
	at org.apache.hadoop.mapreduce.Job$11.run(Job.java:1562)
	at java.base/java.security.AccessController.doPrivileged(Native Method)
	at java.base/javax.security.auth.Subject.doAs(Subject.java:423)
	at org.apache.hadoop.security.UserGroupInformation.doAs(UserGroupInformation.java:1762)
	at org.apache.hadoop.mapreduce.Job.submit(Job.java:1562)
	at org.apache.hadoop.mapreduce.Job.waitForCompletion(Job.java:1583)
	at Trip.main(Trip.java:75)
	at java.base/jdk.internal.reflect.NativeMethodAccessorImpl.invoke0(Native Method)
	at java.base/jdk.internal.reflect.NativeMethodAccessorImpl.invoke(NativeMethodAccessorImpl.java:62)
	at java.base/jdk.internal.reflect.DelegatingMethodAccessorImpl.invoke(DelegatingMethodAccessorImpl.java:43)
	at java.base/java.lang.reflect.Method.invoke(Method.java:566)
	at org.apache.hadoop.util.RunJar.run(RunJar.java:323)
	at org.apache.hadoop.util.RunJar.main(RunJar.java:236)
