
The following have been reloaded with a version change:
  1) cpu/0.17.3b => cpu/0.15.4

WARNING: An illegal reflective access operation has occurred
WARNING: Illegal reflective access by org.apache.spark.unsafe.Platform (file:/cm/shared/apps/spack/cpu/opt/spack/linux-centos8-zen/gcc-8.3.1/spark-3.2.1-bin-hadoop3.2/jars/spark-unsafe_2.12-3.2.1.jar) to constructor java.nio.DirectByteBuffer(long,int)
WARNING: Please consider reporting this to the maintainers of org.apache.spark.unsafe.Platform
WARNING: Use --illegal-access=warn to enable warnings of further illegal reflective access operations
WARNING: All illegal access operations will be denied in a future release
Using Spark's default log4j profile: org/apache/spark/log4j-defaults.properties
24/04/20 18:12:29 INFO SparkContext: Running Spark version 3.2.1
24/04/20 18:12:29 WARN NativeCodeLoader: Unable to load native-hadoop library for your platform... using builtin-java classes where applicable
24/04/20 18:12:29 INFO ResourceUtils: ==============================================================
24/04/20 18:12:29 INFO ResourceUtils: No custom resources configured for spark.driver.
24/04/20 18:12:29 INFO ResourceUtils: ==============================================================
24/04/20 18:12:29 INFO SparkContext: Submitted application: Trip
24/04/20 18:12:29 INFO ResourceProfile: Default ResourceProfile created, executor resources: Map(cores -> name: cores, amount: 1, script: , vendor: , memory -> name: memory, amount: 1024, script: , vendor: , offHeap -> name: offHeap, amount: 0, script: , vendor: ), task resources: Map(cpus -> name: cpus, amount: 1.0)
24/04/20 18:12:29 INFO ResourceProfile: Limiting resource is cpu
24/04/20 18:12:29 INFO ResourceProfileManager: Added ResourceProfile id: 0
24/04/20 18:12:29 INFO SecurityManager: Changing view acls to: ssunku1
24/04/20 18:12:29 INFO SecurityManager: Changing modify acls to: ssunku1
24/04/20 18:12:29 INFO SecurityManager: Changing view acls groups to: 
24/04/20 18:12:29 INFO SecurityManager: Changing modify acls groups to: 
24/04/20 18:12:29 INFO SecurityManager: SecurityManager: authentication disabled; ui acls disabled; users  with view permissions: Set(ssunku1); groups with view permissions: Set(); users  with modify permissions: Set(ssunku1); groups with modify permissions: Set()
24/04/20 18:12:29 INFO Utils: Successfully started service 'sparkDriver' on port 42431.
24/04/20 18:12:29 INFO SparkEnv: Registering MapOutputTracker
24/04/20 18:12:29 INFO SparkEnv: Registering BlockManagerMaster
24/04/20 18:12:29 INFO BlockManagerMasterEndpoint: Using org.apache.spark.storage.DefaultTopologyMapper for getting topology information
24/04/20 18:12:29 INFO BlockManagerMasterEndpoint: BlockManagerMasterEndpoint up
24/04/20 18:12:30 INFO SparkEnv: Registering BlockManagerMasterHeartbeat
24/04/20 18:12:30 INFO DiskBlockManager: Created local directory at /tmp/blockmgr-b9cc9d25-7bc8-4dba-b25e-e8bcf31062c4
24/04/20 18:12:30 INFO MemoryStore: MemoryStore started with capacity 434.4 MiB
24/04/20 18:12:30 INFO SparkEnv: Registering OutputCommitCoordinator
24/04/20 18:12:30 INFO Utils: Successfully started service 'SparkUI' on port 4040.
24/04/20 18:12:30 INFO SparkUI: Bound SparkUI to 0.0.0.0, and started at http://exp-1-04.expanse.sdsc.edu:4040
24/04/20 18:12:30 INFO SparkContext: Added JAR file:/home/ssunku1/project7/trip.jar at spark://exp-1-04.expanse.sdsc.edu:42431/jars/trip.jar with timestamp 1713661949420
24/04/20 18:12:30 INFO Executor: Starting executor ID driver on host exp-1-04.expanse.sdsc.edu
24/04/20 18:12:30 INFO Executor: Fetching spark://exp-1-04.expanse.sdsc.edu:42431/jars/trip.jar with timestamp 1713661949420
24/04/20 18:12:30 INFO TransportClientFactory: Successfully created connection to exp-1-04.expanse.sdsc.edu/198.202.103.251:42431 after 22 ms (0 ms spent in bootstraps)
24/04/20 18:12:30 INFO Utils: Fetching spark://exp-1-04.expanse.sdsc.edu:42431/jars/trip.jar to /tmp/spark-b4faba2e-7999-4871-b26b-763d54a7cb88/userFiles-071e3621-75eb-427b-8a40-124b54e28a20/fetchFileTemp15936033096157234916.tmp
24/04/20 18:12:30 INFO Executor: Adding file:/tmp/spark-b4faba2e-7999-4871-b26b-763d54a7cb88/userFiles-071e3621-75eb-427b-8a40-124b54e28a20/trip.jar to class loader
24/04/20 18:12:30 INFO Utils: Successfully started service 'org.apache.spark.network.netty.NettyBlockTransferService' on port 40505.
24/04/20 18:12:30 INFO NettyBlockTransferService: Server created on exp-1-04.expanse.sdsc.edu:40505
24/04/20 18:12:30 INFO BlockManager: Using org.apache.spark.storage.RandomBlockReplicationPolicy for block replication policy
24/04/20 18:12:30 INFO BlockManagerMaster: Registering BlockManager BlockManagerId(driver, exp-1-04.expanse.sdsc.edu, 40505, None)
24/04/20 18:12:30 INFO BlockManagerMasterEndpoint: Registering block manager exp-1-04.expanse.sdsc.edu:40505 with 434.4 MiB RAM, BlockManagerId(driver, exp-1-04.expanse.sdsc.edu, 40505, None)
24/04/20 18:12:30 INFO BlockManagerMaster: Registered BlockManager BlockManagerId(driver, exp-1-04.expanse.sdsc.edu, 40505, None)
24/04/20 18:12:30 INFO BlockManager: Initialized BlockManager: BlockManagerId(driver, exp-1-04.expanse.sdsc.edu, 40505, None)
24/04/20 18:12:31 INFO MemoryStore: Block broadcast_0 stored as values in memory (estimated size 219.7 KiB, free 434.2 MiB)
24/04/20 18:12:31 INFO MemoryStore: Block broadcast_0_piece0 stored as bytes in memory (estimated size 32.1 KiB, free 434.2 MiB)
24/04/20 18:12:31 INFO BlockManagerInfo: Added broadcast_0_piece0 in memory on exp-1-04.expanse.sdsc.edu:40505 (size: 32.1 KiB, free: 434.4 MiB)
24/04/20 18:12:31 INFO SparkContext: Created broadcast 0 from textFile at Trip.scala:17
24/04/20 18:12:32 INFO SharedState: Setting hive.metastore.warehouse.dir ('null') to the value of spark.sql.warehouse.dir.
24/04/20 18:12:32 INFO SharedState: Warehouse path is 'file:/home/ssunku1/project7/spark-warehouse'.
24/04/20 18:12:34 INFO CodeGenerator: Code generated in 181.350322 ms
24/04/20 18:12:34 INFO FileInputFormat: Total input files to process : 1
24/04/20 18:12:34 INFO DAGScheduler: Registering RDD 7 (collect at Trip.scala:40) as input to shuffle 0
24/04/20 18:12:34 INFO DAGScheduler: Got map stage job 0 (collect at Trip.scala:40) with 2 output partitions
24/04/20 18:12:34 INFO DAGScheduler: Final stage: ShuffleMapStage 0 (collect at Trip.scala:40)
24/04/20 18:12:34 INFO DAGScheduler: Parents of final stage: List()
24/04/20 18:12:34 INFO DAGScheduler: Missing parents: List()
24/04/20 18:12:34 INFO DAGScheduler: Submitting ShuffleMapStage 0 (MapPartitionsRDD[7] at collect at Trip.scala:40), which has no missing parents
24/04/20 18:12:34 INFO MemoryStore: Block broadcast_1 stored as values in memory (estimated size 39.9 KiB, free 434.1 MiB)
24/04/20 18:12:34 INFO MemoryStore: Block broadcast_1_piece0 stored as bytes in memory (estimated size 18.1 KiB, free 434.1 MiB)
24/04/20 18:12:34 INFO BlockManagerInfo: Added broadcast_1_piece0 in memory on exp-1-04.expanse.sdsc.edu:40505 (size: 18.1 KiB, free: 434.4 MiB)
24/04/20 18:12:34 INFO SparkContext: Created broadcast 1 from broadcast at DAGScheduler.scala:1478
24/04/20 18:12:34 INFO DAGScheduler: Submitting 2 missing tasks from ShuffleMapStage 0 (MapPartitionsRDD[7] at collect at Trip.scala:40) (first 15 tasks are for partitions Vector(0, 1))
24/04/20 18:12:34 INFO TaskSchedulerImpl: Adding task set 0.0 with 2 tasks resource profile 0
24/04/20 18:12:34 INFO TaskSetManager: Starting task 0.0 in stage 0.0 (TID 0) (exp-1-04.expanse.sdsc.edu, executor driver, partition 0, PROCESS_LOCAL, 4504 bytes) taskResourceAssignments Map()
24/04/20 18:12:34 INFO TaskSetManager: Starting task 1.0 in stage 0.0 (TID 1) (exp-1-04.expanse.sdsc.edu, executor driver, partition 1, PROCESS_LOCAL, 4504 bytes) taskResourceAssignments Map()
24/04/20 18:12:34 INFO Executor: Running task 0.0 in stage 0.0 (TID 0)
24/04/20 18:12:34 INFO Executor: Running task 1.0 in stage 0.0 (TID 1)
24/04/20 18:12:34 INFO HadoopRDD: Input split: file:/home/ssunku1/project7/tripdata-small.csv:5600+5600
24/04/20 18:12:34 INFO HadoopRDD: Input split: file:/home/ssunku1/project7/tripdata-small.csv:0+5600
24/04/20 18:12:34 INFO CodeGenerator: Code generated in 9.702768 ms
24/04/20 18:12:34 INFO CodeGenerator: Code generated in 6.394252 ms
24/04/20 18:12:34 INFO CodeGenerator: Code generated in 7.89452 ms
24/04/20 18:12:34 INFO CodeGenerator: Code generated in 7.034148 ms
24/04/20 18:12:34 INFO Executor: Finished task 0.0 in stage 0.0 (TID 0). 2501 bytes result sent to driver
24/04/20 18:12:34 INFO Executor: Finished task 1.0 in stage 0.0 (TID 1). 2501 bytes result sent to driver
24/04/20 18:12:34 INFO TaskSetManager: Finished task 0.0 in stage 0.0 (TID 0) in 308 ms on exp-1-04.expanse.sdsc.edu (executor driver) (1/2)
24/04/20 18:12:34 INFO TaskSetManager: Finished task 1.0 in stage 0.0 (TID 1) in 301 ms on exp-1-04.expanse.sdsc.edu (executor driver) (2/2)
24/04/20 18:12:34 INFO TaskSchedulerImpl: Removed TaskSet 0.0, whose tasks have all completed, from pool 
24/04/20 18:12:34 INFO DAGScheduler: ShuffleMapStage 0 (collect at Trip.scala:40) finished in 0.371 s
24/04/20 18:12:34 INFO DAGScheduler: looking for newly runnable stages
24/04/20 18:12:34 INFO DAGScheduler: running: Set()
24/04/20 18:12:34 INFO DAGScheduler: waiting: Set()
24/04/20 18:12:34 INFO DAGScheduler: failed: Set()
24/04/20 18:12:34 INFO ShufflePartitionsUtil: For shuffle(0), advisory target size: 67108864, actual target size 1048576, minimum partition size: 1048576
24/04/20 18:12:34 INFO HashAggregateExec: spark.sql.codegen.aggregate.map.twolevel.enabled is set to true, but current version of codegened fast hashmap does not support this aggregate.
24/04/20 18:12:34 INFO CodeGenerator: Code generated in 17.013768 ms
24/04/20 18:12:34 INFO CodeGenerator: Code generated in 9.723607 ms
24/04/20 18:12:34 INFO SparkContext: Starting job: collect at Trip.scala:40
24/04/20 18:12:34 INFO DAGScheduler: Got job 1 (collect at Trip.scala:40) with 1 output partitions
24/04/20 18:12:34 INFO DAGScheduler: Final stage: ResultStage 2 (collect at Trip.scala:40)
24/04/20 18:12:34 INFO DAGScheduler: Parents of final stage: List(ShuffleMapStage 1)
24/04/20 18:12:34 INFO DAGScheduler: Missing parents: List()
24/04/20 18:12:34 INFO DAGScheduler: Submitting ResultStage 2 (MapPartitionsRDD[12] at collect at Trip.scala:40), which has no missing parents
24/04/20 18:12:34 INFO MemoryStore: Block broadcast_2 stored as values in memory (estimated size 42.4 KiB, free 434.1 MiB)
24/04/20 18:12:34 INFO MemoryStore: Block broadcast_2_piece0 stored as bytes in memory (estimated size 19.8 KiB, free 434.0 MiB)
24/04/20 18:12:34 INFO BlockManagerInfo: Added broadcast_2_piece0 in memory on exp-1-04.expanse.sdsc.edu:40505 (size: 19.8 KiB, free: 434.3 MiB)
24/04/20 18:12:34 INFO SparkContext: Created broadcast 2 from broadcast at DAGScheduler.scala:1478
24/04/20 18:12:34 INFO DAGScheduler: Submitting 1 missing tasks from ResultStage 2 (MapPartitionsRDD[12] at collect at Trip.scala:40) (first 15 tasks are for partitions Vector(0))
24/04/20 18:12:34 INFO TaskSchedulerImpl: Adding task set 2.0 with 1 tasks resource profile 0
24/04/20 18:12:34 INFO TaskSetManager: Starting task 0.0 in stage 2.0 (TID 2) (exp-1-04.expanse.sdsc.edu, executor driver, partition 0, NODE_LOCAL, 4453 bytes) taskResourceAssignments Map()
24/04/20 18:12:34 INFO Executor: Running task 0.0 in stage 2.0 (TID 2)
24/04/20 18:12:34 INFO ShuffleBlockFetcherIterator: Getting 2 (1441.0 B) non-empty blocks including 2 (1441.0 B) local and 0 (0.0 B) host-local and 0 (0.0 B) push-merged-local and 0 (0.0 B) remote blocks
24/04/20 18:12:34 INFO ShuffleBlockFetcherIterator: Started 0 remote fetches in 7 ms
24/04/20 18:12:34 INFO CodeGenerator: Code generated in 4.96109 ms
24/04/20 18:12:34 INFO Executor: Finished task 0.0 in stage 2.0 (TID 2). 3924 bytes result sent to driver
24/04/20 18:12:34 INFO TaskSetManager: Finished task 0.0 in stage 2.0 (TID 2) in 64 ms on exp-1-04.expanse.sdsc.edu (executor driver) (1/1)
24/04/20 18:12:34 INFO TaskSchedulerImpl: Removed TaskSet 2.0, whose tasks have all completed, from pool 
24/04/20 18:12:34 INFO DAGScheduler: ResultStage 2 (collect at Trip.scala:40) finished in 0.079 s
24/04/20 18:12:34 INFO DAGScheduler: Job 1 is finished. Cancelling potential speculative or zombie tasks for this job
24/04/20 18:12:34 INFO TaskSchedulerImpl: Killing all running tasks in stage 2: Stage finished
24/04/20 18:12:34 INFO DAGScheduler: Job 1 finished: collect at Trip.scala:40, took 0.096445 s
24/04/20 18:12:34 INFO DAGScheduler: Registering RDD 13 (collect at Trip.scala:40) as input to shuffle 1
24/04/20 18:12:34 INFO DAGScheduler: Got map stage job 2 (collect at Trip.scala:40) with 1 output partitions
24/04/20 18:12:34 INFO DAGScheduler: Final stage: ShuffleMapStage 4 (collect at Trip.scala:40)
24/04/20 18:12:34 INFO DAGScheduler: Parents of final stage: List(ShuffleMapStage 3)
24/04/20 18:12:34 INFO DAGScheduler: Missing parents: List()
24/04/20 18:12:34 INFO DAGScheduler: Submitting ShuffleMapStage 4 (MapPartitionsRDD[13] at collect at Trip.scala:40), which has no missing parents
24/04/20 18:12:34 INFO MemoryStore: Block broadcast_3 stored as values in memory (estimated size 42.5 KiB, free 434.0 MiB)
24/04/20 18:12:34 INFO MemoryStore: Block broadcast_3_piece0 stored as bytes in memory (estimated size 19.9 KiB, free 434.0 MiB)
24/04/20 18:12:34 INFO BlockManagerInfo: Added broadcast_3_piece0 in memory on exp-1-04.expanse.sdsc.edu:40505 (size: 19.9 KiB, free: 434.3 MiB)
24/04/20 18:12:34 INFO SparkContext: Created broadcast 3 from broadcast at DAGScheduler.scala:1478
24/04/20 18:12:34 INFO DAGScheduler: Submitting 1 missing tasks from ShuffleMapStage 4 (MapPartitionsRDD[13] at collect at Trip.scala:40) (first 15 tasks are for partitions Vector(0))
24/04/20 18:12:34 INFO TaskSchedulerImpl: Adding task set 4.0 with 1 tasks resource profile 0
24/04/20 18:12:34 INFO TaskSetManager: Starting task 0.0 in stage 4.0 (TID 3) (exp-1-04.expanse.sdsc.edu, executor driver, partition 0, NODE_LOCAL, 4442 bytes) taskResourceAssignments Map()
24/04/20 18:12:34 INFO Executor: Running task 0.0 in stage 4.0 (TID 3)
24/04/20 18:12:34 INFO ShuffleBlockFetcherIterator: Getting 2 (1441.0 B) non-empty blocks including 2 (1441.0 B) local and 0 (0.0 B) host-local and 0 (0.0 B) push-merged-local and 0 (0.0 B) remote blocks
24/04/20 18:12:34 INFO ShuffleBlockFetcherIterator: Started 0 remote fetches in 0 ms
24/04/20 18:12:34 INFO Executor: Finished task 0.0 in stage 4.0 (TID 3). 3810 bytes result sent to driver
24/04/20 18:12:34 INFO TaskSetManager: Finished task 0.0 in stage 4.0 (TID 3) in 25 ms on exp-1-04.expanse.sdsc.edu (executor driver) (1/1)
24/04/20 18:12:34 INFO TaskSchedulerImpl: Removed TaskSet 4.0, whose tasks have all completed, from pool 
24/04/20 18:12:34 INFO DAGScheduler: ShuffleMapStage 4 (collect at Trip.scala:40) finished in 0.035 s
24/04/20 18:12:34 INFO DAGScheduler: looking for newly runnable stages
24/04/20 18:12:34 INFO DAGScheduler: running: Set()
24/04/20 18:12:34 INFO DAGScheduler: waiting: Set()
24/04/20 18:12:34 INFO DAGScheduler: failed: Set()
24/04/20 18:12:34 INFO ShufflePartitionsUtil: For shuffle(1), advisory target size: 67108864, actual target size 1048576, minimum partition size: 1048576
24/04/20 18:12:34 INFO CodeGenerator: Code generated in 8.533615 ms
24/04/20 18:12:34 INFO SparkContext: Starting job: collect at Trip.scala:40
24/04/20 18:12:34 INFO DAGScheduler: Got job 3 (collect at Trip.scala:40) with 1 output partitions
24/04/20 18:12:34 INFO DAGScheduler: Final stage: ResultStage 7 (collect at Trip.scala:40)
24/04/20 18:12:34 INFO DAGScheduler: Parents of final stage: List(ShuffleMapStage 6)
24/04/20 18:12:34 INFO DAGScheduler: Missing parents: List()
24/04/20 18:12:34 INFO DAGScheduler: Submitting ResultStage 7 (MapPartitionsRDD[16] at collect at Trip.scala:40), which has no missing parents
24/04/20 18:12:34 INFO MemoryStore: Block broadcast_4 stored as values in memory (estimated size 38.5 KiB, free 433.9 MiB)
24/04/20 18:12:34 INFO MemoryStore: Block broadcast_4_piece0 stored as bytes in memory (estimated size 18.2 KiB, free 433.9 MiB)
24/04/20 18:12:34 INFO BlockManagerInfo: Added broadcast_4_piece0 in memory on exp-1-04.expanse.sdsc.edu:40505 (size: 18.2 KiB, free: 434.3 MiB)
24/04/20 18:12:34 INFO SparkContext: Created broadcast 4 from broadcast at DAGScheduler.scala:1478
24/04/20 18:12:34 INFO DAGScheduler: Submitting 1 missing tasks from ResultStage 7 (MapPartitionsRDD[16] at collect at Trip.scala:40) (first 15 tasks are for partitions Vector(0))
24/04/20 18:12:34 INFO TaskSchedulerImpl: Adding task set 7.0 with 1 tasks resource profile 0
24/04/20 18:12:34 INFO TaskSetManager: Starting task 0.0 in stage 7.0 (TID 4) (exp-1-04.expanse.sdsc.edu, executor driver, partition 0, NODE_LOCAL, 4453 bytes) taskResourceAssignments Map()
24/04/20 18:12:34 INFO Executor: Running task 0.0 in stage 7.0 (TID 4)
24/04/20 18:12:34 INFO ShuffleBlockFetcherIterator: Getting 1 (324.0 B) non-empty blocks including 1 (324.0 B) local and 0 (0.0 B) host-local and 0 (0.0 B) push-merged-local and 0 (0.0 B) remote blocks
24/04/20 18:12:34 INFO ShuffleBlockFetcherIterator: Started 0 remote fetches in 0 ms
24/04/20 18:12:34 INFO CodeGenerator: Code generated in 5.32699 ms
24/04/20 18:12:34 INFO Executor: Finished task 0.0 in stage 7.0 (TID 4). 4565 bytes result sent to driver
24/04/20 18:12:34 INFO TaskSetManager: Finished task 0.0 in stage 7.0 (TID 4) in 39 ms on exp-1-04.expanse.sdsc.edu (executor driver) (1/1)
24/04/20 18:12:34 INFO TaskSchedulerImpl: Removed TaskSet 7.0, whose tasks have all completed, from pool 
24/04/20 18:12:34 INFO DAGScheduler: ResultStage 7 (collect at Trip.scala:40) finished in 0.046 s
24/04/20 18:12:34 INFO DAGScheduler: Job 3 is finished. Cancelling potential speculative or zombie tasks for this job
24/04/20 18:12:34 INFO TaskSchedulerImpl: Killing all running tasks in stage 7: Stage finished
24/04/20 18:12:35 INFO DAGScheduler: Job 3 finished: collect at Trip.scala:40, took 0.051468 s
24/04/20 18:12:35 INFO CodeGenerator: Code generated in 6.053109 ms
  0	13.550
  1	8.953
  2	13.208
  3	16.493
  4	18.153
24/04/20 18:12:35 INFO SparkUI: Stopped Spark web UI at http://exp-1-04.expanse.sdsc.edu:4040
24/04/20 18:12:35 INFO MapOutputTrackerMasterEndpoint: MapOutputTrackerMasterEndpoint stopped!
24/04/20 18:12:35 INFO MemoryStore: MemoryStore cleared
24/04/20 18:12:35 INFO BlockManager: BlockManager stopped
24/04/20 18:12:35 INFO BlockManagerMaster: BlockManagerMaster stopped
24/04/20 18:12:35 INFO OutputCommitCoordinator$OutputCommitCoordinatorEndpoint: OutputCommitCoordinator stopped!
24/04/20 18:12:35 INFO SparkContext: Successfully stopped SparkContext
24/04/20 18:12:35 INFO ShutdownHookManager: Shutdown hook called
24/04/20 18:12:35 INFO ShutdownHookManager: Deleting directory /tmp/spark-a0475708-3c2f-46cb-b324-10ca5fec53c1
24/04/20 18:12:35 INFO ShutdownHookManager: Deleting directory /tmp/spark-b4faba2e-7999-4871-b26b-763d54a7cb88
