
The following have been reloaded with a version change:
  1) cpu/0.17.3b => cpu/0.15.4

2024-02-29 18:47:31,759 INFO impl.MetricsConfig: Loaded properties from hadoop-metrics2.properties
2024-02-29 18:47:31,831 INFO impl.MetricsSystemImpl: Scheduled Metric snapshot period at 10 second(s).
2024-02-29 18:47:31,831 INFO impl.MetricsSystemImpl: JobTracker metrics system started
2024-02-29 18:47:31,891 WARN mapreduce.JobResourceUploader: Hadoop command-line option parsing not performed. Implement the Tool interface and execute your application with ToolRunner to remedy this.
2024-02-29 18:47:31,954 INFO input.FileInputFormat: Total input files to process : 1
2024-02-29 18:47:31,971 INFO mapreduce.JobSubmitter: number of splits:1
2024-02-29 18:47:32,103 INFO mapreduce.JobSubmitter: Submitting tokens for job: job_local833551440_0001
2024-02-29 18:47:32,103 INFO mapreduce.JobSubmitter: Executing with tokens: []
2024-02-29 18:47:32,183 INFO mapreduce.Job: The url to track the job: http://localhost:8080/
2024-02-29 18:47:32,187 INFO mapreduce.Job: Running job: job_local833551440_0001
2024-02-29 18:47:32,193 INFO mapred.LocalJobRunner: OutputCommitter set in config null
2024-02-29 18:47:32,200 INFO output.FileOutputCommitter: File Output Committer Algorithm version is 2
2024-02-29 18:47:32,200 INFO output.FileOutputCommitter: FileOutputCommitter skip cleanup _temporary folders under output directory:false, ignore cleanup failures: false
2024-02-29 18:47:32,201 INFO mapred.LocalJobRunner: OutputCommitter is org.apache.hadoop.mapreduce.lib.output.FileOutputCommitter
2024-02-29 18:47:32,257 INFO mapred.LocalJobRunner: Waiting for map tasks
2024-02-29 18:47:32,258 INFO mapred.LocalJobRunner: Starting task: attempt_local833551440_0001_m_000000_0
2024-02-29 18:47:32,274 INFO output.FileOutputCommitter: File Output Committer Algorithm version is 2
2024-02-29 18:47:32,274 INFO output.FileOutputCommitter: FileOutputCommitter skip cleanup _temporary folders under output directory:false, ignore cleanup failures: false
2024-02-29 18:47:32,295 INFO mapred.Task:  Using ResourceCalculatorProcessTree : [ ]
2024-02-29 18:47:32,298 INFO mapred.MapTask: Processing split: file:/home/ssunku1/project2/M-matrix-small.txt:0+20843
2024-02-29 18:47:32,317 INFO mapred.MapTask: (EQUATOR) 0 kvi 26214396(104857584)
2024-02-29 18:47:32,317 INFO mapred.MapTask: mapreduce.task.io.sort.mb: 100
2024-02-29 18:47:32,317 INFO mapred.MapTask: soft limit at 83886080
2024-02-29 18:47:32,317 INFO mapred.MapTask: bufstart = 0; bufvoid = 104857600
2024-02-29 18:47:32,317 INFO mapred.MapTask: kvstart = 26214396; length = 6553600
2024-02-29 18:47:32,320 INFO mapred.MapTask: Map output collector class = org.apache.hadoop.mapred.MapTask$MapOutputBuffer
2024-02-29 18:47:32,345 INFO mapred.LocalJobRunner: 
2024-02-29 18:47:32,345 INFO mapred.MapTask: Starting flush of map output
2024-02-29 18:47:32,345 INFO mapred.MapTask: Spilling map output
2024-02-29 18:47:32,345 INFO mapred.MapTask: bufstart = 0; bufend = 40320; bufvoid = 104857600
2024-02-29 18:47:32,345 INFO mapred.MapTask: kvstart = 26214396(104857584); kvend = 26207680(104830720); length = 6717/6553600
2024-02-29 18:47:32,356 INFO mapred.MapTask: Finished spill 0
2024-02-29 18:47:32,362 INFO mapred.Task: Task:attempt_local833551440_0001_m_000000_0 is done. And is in the process of committing
2024-02-29 18:47:32,364 INFO mapred.LocalJobRunner: map
2024-02-29 18:47:32,364 INFO mapred.Task: Task 'attempt_local833551440_0001_m_000000_0' done.
2024-02-29 18:47:32,368 INFO mapred.Task: Final Counters for attempt_local833551440_0001_m_000000_0: Counters: 17
	File System Counters
		FILE: Number of bytes read=29317
		FILE: Number of bytes written=595165
		FILE: Number of read operations=0
		FILE: Number of large read operations=0
		FILE: Number of write operations=0
	Map-Reduce Framework
		Map input records=1680
		Map output records=1680
		Map output bytes=40320
		Map output materialized bytes=43686
		Input split bytes=111
		Combine input records=0
		Spilled Records=1680
		Failed Shuffles=0
		Merged Map outputs=0
		GC time elapsed (ms)=0
		Total committed heap usage (bytes)=2147483648
	File Input Format Counters 
		Bytes Read=20843
2024-02-29 18:47:32,368 INFO mapred.LocalJobRunner: Finishing task: attempt_local833551440_0001_m_000000_0
2024-02-29 18:47:32,369 INFO mapred.LocalJobRunner: map task executor complete.
2024-02-29 18:47:32,371 INFO mapred.LocalJobRunner: Waiting for reduce tasks
2024-02-29 18:47:32,371 INFO mapred.LocalJobRunner: Starting task: attempt_local833551440_0001_r_000000_0
2024-02-29 18:47:32,376 INFO output.FileOutputCommitter: File Output Committer Algorithm version is 2
2024-02-29 18:47:32,376 INFO output.FileOutputCommitter: FileOutputCommitter skip cleanup _temporary folders under output directory:false, ignore cleanup failures: false
2024-02-29 18:47:32,377 INFO mapred.Task:  Using ResourceCalculatorProcessTree : [ ]
2024-02-29 18:47:32,378 INFO mapred.ReduceTask: Using ShuffleConsumerPlugin: org.apache.hadoop.mapreduce.task.reduce.Shuffle@1082e358
2024-02-29 18:47:32,379 WARN impl.MetricsSystemImpl: JobTracker metrics system already initialized!
2024-02-29 18:47:32,390 INFO reduce.MergeManagerImpl: The max number of bytes for a single in-memory shuffle cannot be larger than Integer.MAX_VALUE. Setting it to Integer.MAX_VALUE
2024-02-29 18:47:32,390 INFO reduce.MergeManagerImpl: MergerManager: memoryLimit=22525089792, maxSingleShuffleLimit=2147483647, mergeThreshold=14866560000, ioSortFactor=10, memToMemMergeOutputsThreshold=10
2024-02-29 18:47:32,391 INFO reduce.EventFetcher: attempt_local833551440_0001_r_000000_0 Thread started: EventFetcher for fetching Map Completion Events
2024-02-29 18:47:32,408 INFO reduce.LocalFetcher: localfetcher#1 about to shuffle output of map attempt_local833551440_0001_m_000000_0 decomp: 43682 len: 43686 to MEMORY
2024-02-29 18:47:32,410 INFO reduce.InMemoryMapOutput: Read 43682 bytes from map-output for attempt_local833551440_0001_m_000000_0
2024-02-29 18:47:32,411 INFO reduce.MergeManagerImpl: closeInMemoryFile -> map-output of size: 43682, inMemoryMapOutputs.size() -> 1, commitMemory -> 0, usedMemory ->43682
2024-02-29 18:47:32,413 INFO reduce.EventFetcher: EventFetcher is interrupted.. Returning
2024-02-29 18:47:32,413 INFO mapred.LocalJobRunner: 1 / 1 copied.
2024-02-29 18:47:32,413 INFO reduce.MergeManagerImpl: finalMerge called with 1 in-memory map-outputs and 0 on-disk map-outputs
2024-02-29 18:47:32,417 INFO mapred.Merger: Merging 1 sorted segments
2024-02-29 18:47:32,417 INFO mapred.Merger: Down to the last merge-pass, with 1 segments left of total size: 43672 bytes
2024-02-29 18:47:32,421 INFO reduce.MergeManagerImpl: Merged 1 segments, 43682 bytes to disk to satisfy reduce memory limit
2024-02-29 18:47:32,421 INFO reduce.MergeManagerImpl: Merging 1 files, 43686 bytes from disk
2024-02-29 18:47:32,421 INFO reduce.MergeManagerImpl: Merging 0 segments, 0 bytes from memory into reduce
2024-02-29 18:47:32,421 INFO mapred.Merger: Merging 1 sorted segments
2024-02-29 18:47:32,422 INFO mapred.Merger: Down to the last merge-pass, with 1 segments left of total size: 43672 bytes
2024-02-29 18:47:32,422 INFO mapred.LocalJobRunner: 1 / 1 copied.
2024-02-29 18:47:32,468 INFO Configuration.deprecation: mapred.skip.on is deprecated. Instead, use mapreduce.job.skiprecords
2024-02-29 18:47:32,486 INFO mapred.Task: Task:attempt_local833551440_0001_r_000000_0 is done. And is in the process of committing
2024-02-29 18:47:32,487 INFO mapred.LocalJobRunner: 1 / 1 copied.
2024-02-29 18:47:32,487 INFO mapred.Task: Task attempt_local833551440_0001_r_000000_0 is allowed to commit now
2024-02-29 18:47:32,496 INFO output.FileOutputCommitter: Saved output of task 'attempt_local833551440_0001_r_000000_0' to file:/home/ssunku1/project2/left_tmp
2024-02-29 18:47:32,496 INFO mapred.LocalJobRunner: reduce > reduce
2024-02-29 18:47:32,496 INFO mapred.Task: Task 'attempt_local833551440_0001_r_000000_0' done.
2024-02-29 18:47:32,497 INFO mapred.Task: Final Counters for attempt_local833551440_0001_r_000000_0: Counters: 24
	File System Counters
		FILE: Number of bytes read=116721
		FILE: Number of bytes written=655344
		FILE: Number of read operations=0
		FILE: Number of large read operations=0
		FILE: Number of write operations=0
	Map-Reduce Framework
		Combine input records=0
		Combine output records=0
		Reduce input groups=40
		Reduce shuffle bytes=43686
		Reduce input records=1680
		Reduce output records=40
		Spilled Records=1680
		Shuffled Maps =1
		Failed Shuffles=0
		Merged Map outputs=1
		GC time elapsed (ms)=0
		Total committed heap usage (bytes)=2147483648
	Shuffle Errors
		BAD_ID=0
		CONNECTION=0
		IO_ERROR=0
		WRONG_LENGTH=0
		WRONG_MAP=0
		WRONG_REDUCE=0
	File Output Format Counters 
		Bytes Written=16493
2024-02-29 18:47:32,497 INFO mapred.LocalJobRunner: Finishing task: attempt_local833551440_0001_r_000000_0
2024-02-29 18:47:32,497 INFO mapred.LocalJobRunner: reduce task executor complete.
2024-02-29 18:47:33,197 INFO mapreduce.Job: Job job_local833551440_0001 running in uber mode : false
2024-02-29 18:47:33,197 INFO mapreduce.Job:  map 100% reduce 100%
2024-02-29 18:47:33,198 INFO mapreduce.Job: Job job_local833551440_0001 completed successfully
2024-02-29 18:47:33,204 INFO mapreduce.Job: Counters: 30
	File System Counters
		FILE: Number of bytes read=146038
		FILE: Number of bytes written=1250509
		FILE: Number of read operations=0
		FILE: Number of large read operations=0
		FILE: Number of write operations=0
	Map-Reduce Framework
		Map input records=1680
		Map output records=1680
		Map output bytes=40320
		Map output materialized bytes=43686
		Input split bytes=111
		Combine input records=0
		Combine output records=0
		Reduce input groups=40
		Reduce shuffle bytes=43686
		Reduce input records=1680
		Reduce output records=40
		Spilled Records=3360
		Shuffled Maps =1
		Failed Shuffles=0
		Merged Map outputs=1
		GC time elapsed (ms)=0
		Total committed heap usage (bytes)=4294967296
	Shuffle Errors
		BAD_ID=0
		CONNECTION=0
		IO_ERROR=0
		WRONG_LENGTH=0
		WRONG_MAP=0
		WRONG_REDUCE=0
	File Input Format Counters 
		Bytes Read=20843
	File Output Format Counters 
		Bytes Written=16493
2024-02-29 18:47:33,204 WARN impl.MetricsSystemImpl: JobTracker metrics system already initialized!
2024-02-29 18:47:33,206 WARN mapreduce.JobResourceUploader: Hadoop command-line option parsing not performed. Implement the Tool interface and execute your application with ToolRunner to remedy this.
2024-02-29 18:47:33,208 INFO input.FileInputFormat: Total input files to process : 1
2024-02-29 18:47:33,210 INFO mapreduce.JobSubmitter: number of splits:1
2024-02-29 18:47:33,219 INFO mapreduce.JobSubmitter: Submitting tokens for job: job_local464662504_0002
2024-02-29 18:47:33,219 INFO mapreduce.JobSubmitter: Executing with tokens: []
2024-02-29 18:47:33,285 INFO mapreduce.Job: The url to track the job: http://localhost:8080/
2024-02-29 18:47:33,285 INFO mapreduce.Job: Running job: job_local464662504_0002
2024-02-29 18:47:33,285 INFO mapred.LocalJobRunner: OutputCommitter set in config null
2024-02-29 18:47:33,285 INFO output.FileOutputCommitter: File Output Committer Algorithm version is 2
2024-02-29 18:47:33,285 INFO output.FileOutputCommitter: FileOutputCommitter skip cleanup _temporary folders under output directory:false, ignore cleanup failures: false
2024-02-29 18:47:33,286 INFO mapred.LocalJobRunner: OutputCommitter is org.apache.hadoop.mapreduce.lib.output.FileOutputCommitter
2024-02-29 18:47:33,337 INFO mapred.LocalJobRunner: Waiting for map tasks
2024-02-29 18:47:33,337 INFO mapred.LocalJobRunner: Starting task: attempt_local464662504_0002_m_000000_0
2024-02-29 18:47:33,338 INFO output.FileOutputCommitter: File Output Committer Algorithm version is 2
2024-02-29 18:47:33,338 INFO output.FileOutputCommitter: FileOutputCommitter skip cleanup _temporary folders under output directory:false, ignore cleanup failures: false
2024-02-29 18:47:33,338 INFO mapred.Task:  Using ResourceCalculatorProcessTree : [ ]
2024-02-29 18:47:33,339 INFO mapred.MapTask: Processing split: file:/home/ssunku1/project2/N-matrix-small.txt:0+20844
2024-02-29 18:47:33,347 INFO mapred.MapTask: (EQUATOR) 0 kvi 26214396(104857584)
2024-02-29 18:47:33,347 INFO mapred.MapTask: mapreduce.task.io.sort.mb: 100
2024-02-29 18:47:33,347 INFO mapred.MapTask: soft limit at 83886080
2024-02-29 18:47:33,347 INFO mapred.MapTask: bufstart = 0; bufvoid = 104857600
2024-02-29 18:47:33,347 INFO mapred.MapTask: kvstart = 26214396; length = 6553600
2024-02-29 18:47:33,348 INFO mapred.MapTask: Map output collector class = org.apache.hadoop.mapred.MapTask$MapOutputBuffer
2024-02-29 18:47:33,357 INFO mapred.LocalJobRunner: 
2024-02-29 18:47:33,357 INFO mapred.MapTask: Starting flush of map output
2024-02-29 18:47:33,357 INFO mapred.MapTask: Spilling map output
2024-02-29 18:47:33,357 INFO mapred.MapTask: bufstart = 0; bufend = 40320; bufvoid = 104857600
2024-02-29 18:47:33,357 INFO mapred.MapTask: kvstart = 26214396(104857584); kvend = 26207680(104830720); length = 6717/6553600
2024-02-29 18:47:33,360 INFO mapred.MapTask: Finished spill 0
2024-02-29 18:47:33,361 INFO mapred.Task: Task:attempt_local464662504_0002_m_000000_0 is done. And is in the process of committing
2024-02-29 18:47:33,362 INFO mapred.LocalJobRunner: map
2024-02-29 18:47:33,362 INFO mapred.Task: Task 'attempt_local464662504_0002_m_000000_0' done.
2024-02-29 18:47:33,362 INFO mapred.Task: Final Counters for attempt_local464662504_0002_m_000000_0: Counters: 17
	File System Counters
		FILE: Number of bytes read=146039
		FILE: Number of bytes written=1250519
		FILE: Number of read operations=0
		FILE: Number of large read operations=0
		FILE: Number of write operations=0
	Map-Reduce Framework
		Map input records=1680
		Map output records=1680
		Map output bytes=40320
		Map output materialized bytes=43686
		Input split bytes=111
		Combine input records=0
		Spilled Records=1680
		Failed Shuffles=0
		Merged Map outputs=0
		GC time elapsed (ms)=0
		Total committed heap usage (bytes)=2147483648
	File Input Format Counters 
		Bytes Read=20844
2024-02-29 18:47:33,362 INFO mapred.LocalJobRunner: Finishing task: attempt_local464662504_0002_m_000000_0
2024-02-29 18:47:33,362 INFO mapred.LocalJobRunner: map task executor complete.
2024-02-29 18:47:33,363 INFO mapred.LocalJobRunner: Waiting for reduce tasks
2024-02-29 18:47:33,363 INFO mapred.LocalJobRunner: Starting task: attempt_local464662504_0002_r_000000_0
2024-02-29 18:47:33,365 INFO output.FileOutputCommitter: File Output Committer Algorithm version is 2
2024-02-29 18:47:33,365 INFO output.FileOutputCommitter: FileOutputCommitter skip cleanup _temporary folders under output directory:false, ignore cleanup failures: false
2024-02-29 18:47:33,365 INFO mapred.Task:  Using ResourceCalculatorProcessTree : [ ]
2024-02-29 18:47:33,365 INFO mapred.ReduceTask: Using ShuffleConsumerPlugin: org.apache.hadoop.mapreduce.task.reduce.Shuffle@ef7e768
2024-02-29 18:47:33,365 WARN impl.MetricsSystemImpl: JobTracker metrics system already initialized!
2024-02-29 18:47:33,366 INFO reduce.MergeManagerImpl: The max number of bytes for a single in-memory shuffle cannot be larger than Integer.MAX_VALUE. Setting it to Integer.MAX_VALUE
2024-02-29 18:47:33,366 INFO reduce.MergeManagerImpl: MergerManager: memoryLimit=22525089792, maxSingleShuffleLimit=2147483647, mergeThreshold=14866560000, ioSortFactor=10, memToMemMergeOutputsThreshold=10
2024-02-29 18:47:33,367 INFO reduce.EventFetcher: attempt_local464662504_0002_r_000000_0 Thread started: EventFetcher for fetching Map Completion Events
2024-02-29 18:47:33,368 INFO reduce.LocalFetcher: localfetcher#2 about to shuffle output of map attempt_local464662504_0002_m_000000_0 decomp: 43682 len: 43686 to MEMORY
2024-02-29 18:47:33,369 INFO reduce.InMemoryMapOutput: Read 43682 bytes from map-output for attempt_local464662504_0002_m_000000_0
2024-02-29 18:47:33,369 INFO reduce.MergeManagerImpl: closeInMemoryFile -> map-output of size: 43682, inMemoryMapOutputs.size() -> 1, commitMemory -> 0, usedMemory ->43682
2024-02-29 18:47:33,369 INFO reduce.EventFetcher: EventFetcher is interrupted.. Returning
2024-02-29 18:47:33,370 INFO mapred.LocalJobRunner: 1 / 1 copied.
2024-02-29 18:47:33,370 INFO reduce.MergeManagerImpl: finalMerge called with 1 in-memory map-outputs and 0 on-disk map-outputs
2024-02-29 18:47:33,371 INFO mapred.Merger: Merging 1 sorted segments
2024-02-29 18:47:33,371 INFO mapred.Merger: Down to the last merge-pass, with 1 segments left of total size: 43672 bytes
2024-02-29 18:47:33,373 INFO reduce.MergeManagerImpl: Merged 1 segments, 43682 bytes to disk to satisfy reduce memory limit
2024-02-29 18:47:33,373 INFO reduce.MergeManagerImpl: Merging 1 files, 43686 bytes from disk
2024-02-29 18:47:33,373 INFO reduce.MergeManagerImpl: Merging 0 segments, 0 bytes from memory into reduce
2024-02-29 18:47:33,373 INFO mapred.Merger: Merging 1 sorted segments
2024-02-29 18:47:33,374 INFO mapred.Merger: Down to the last merge-pass, with 1 segments left of total size: 43672 bytes
2024-02-29 18:47:33,374 INFO mapred.LocalJobRunner: 1 / 1 copied.
2024-02-29 18:47:33,441 INFO mapred.Task: Task:attempt_local464662504_0002_r_000000_0 is done. And is in the process of committing
2024-02-29 18:47:33,442 INFO mapred.LocalJobRunner: 1 / 1 copied.
2024-02-29 18:47:33,442 INFO mapred.Task: Task attempt_local464662504_0002_r_000000_0 is allowed to commit now
2024-02-29 18:47:33,458 INFO output.FileOutputCommitter: Saved output of task 'attempt_local464662504_0002_r_000000_0' to file:/home/ssunku1/project2/right_tmp
2024-02-29 18:47:33,458 INFO mapred.LocalJobRunner: reduce > reduce
2024-02-29 18:47:33,458 INFO mapred.Task: Task 'attempt_local464662504_0002_r_000000_0' done.
2024-02-29 18:47:33,459 INFO mapred.Task: Final Counters for attempt_local464662504_0002_r_000000_0: Counters: 24
	File System Counters
		FILE: Number of bytes read=233443
		FILE: Number of bytes written=1310698
		FILE: Number of read operations=0
		FILE: Number of large read operations=0
		FILE: Number of write operations=0
	Map-Reduce Framework
		Combine input records=0
		Combine output records=0
		Reduce input groups=40
		Reduce shuffle bytes=43686
		Reduce input records=1680
		Reduce output records=40
		Spilled Records=1680
		Shuffled Maps =1
		Failed Shuffles=0
		Merged Map outputs=1
		GC time elapsed (ms)=0
		Total committed heap usage (bytes)=2147483648
	Shuffle Errors
		BAD_ID=0
		CONNECTION=0
		IO_ERROR=0
		WRONG_LENGTH=0
		WRONG_MAP=0
		WRONG_REDUCE=0
	File Output Format Counters 
		Bytes Written=16493
2024-02-29 18:47:33,459 INFO mapred.LocalJobRunner: Finishing task: attempt_local464662504_0002_r_000000_0
2024-02-29 18:47:33,459 INFO mapred.LocalJobRunner: reduce task executor complete.
2024-02-29 18:47:34,285 INFO mapreduce.Job: Job job_local464662504_0002 running in uber mode : false
2024-02-29 18:47:34,285 INFO mapreduce.Job:  map 100% reduce 100%
2024-02-29 18:47:34,286 INFO mapreduce.Job: Job job_local464662504_0002 completed successfully
2024-02-29 18:47:34,289 INFO mapreduce.Job: Counters: 30
	File System Counters
		FILE: Number of bytes read=379482
		FILE: Number of bytes written=2561217
		FILE: Number of read operations=0
		FILE: Number of large read operations=0
		FILE: Number of write operations=0
	Map-Reduce Framework
		Map input records=1680
		Map output records=1680
		Map output bytes=40320
		Map output materialized bytes=43686
		Input split bytes=111
		Combine input records=0
		Combine output records=0
		Reduce input groups=40
		Reduce shuffle bytes=43686
		Reduce input records=1680
		Reduce output records=40
		Spilled Records=3360
		Shuffled Maps =1
		Failed Shuffles=0
		Merged Map outputs=1
		GC time elapsed (ms)=0
		Total committed heap usage (bytes)=4294967296
	Shuffle Errors
		BAD_ID=0
		CONNECTION=0
		IO_ERROR=0
		WRONG_LENGTH=0
		WRONG_MAP=0
		WRONG_REDUCE=0
	File Input Format Counters 
		Bytes Read=20844
	File Output Format Counters 
		Bytes Written=16493
2024-02-29 18:47:34,291 WARN impl.MetricsSystemImpl: JobTracker metrics system already initialized!
2024-02-29 18:47:34,292 WARN mapreduce.JobResourceUploader: Hadoop command-line option parsing not performed. Implement the Tool interface and execute your application with ToolRunner to remedy this.
2024-02-29 18:47:34,300 INFO input.FileInputFormat: Total input files to process : 2
2024-02-29 18:47:34,303 INFO mapreduce.JobSubmitter: number of splits:2
2024-02-29 18:47:34,318 INFO mapreduce.JobSubmitter: Submitting tokens for job: job_local767374955_0003
2024-02-29 18:47:34,318 INFO mapreduce.JobSubmitter: Executing with tokens: []
2024-02-29 18:47:34,359 INFO mapreduce.Job: The url to track the job: http://localhost:8080/
2024-02-29 18:47:34,359 INFO mapreduce.Job: Running job: job_local767374955_0003
2024-02-29 18:47:34,359 INFO mapred.LocalJobRunner: OutputCommitter set in config null
2024-02-29 18:47:34,359 INFO output.FileOutputCommitter: File Output Committer Algorithm version is 2
2024-02-29 18:47:34,359 INFO output.FileOutputCommitter: FileOutputCommitter skip cleanup _temporary folders under output directory:false, ignore cleanup failures: false
2024-02-29 18:47:34,360 INFO mapred.LocalJobRunner: OutputCommitter is org.apache.hadoop.mapreduce.lib.output.FileOutputCommitter
2024-02-29 18:47:34,414 INFO mapred.LocalJobRunner: Waiting for map tasks
2024-02-29 18:47:34,414 INFO mapred.LocalJobRunner: Starting task: attempt_local767374955_0003_m_000000_0
2024-02-29 18:47:34,415 INFO output.FileOutputCommitter: File Output Committer Algorithm version is 2
2024-02-29 18:47:34,415 INFO output.FileOutputCommitter: FileOutputCommitter skip cleanup _temporary folders under output directory:false, ignore cleanup failures: false
2024-02-29 18:47:34,416 INFO mapred.Task:  Using ResourceCalculatorProcessTree : [ ]
2024-02-29 18:47:34,417 INFO mapred.MapTask: Processing split: file:/home/ssunku1/project2/right_tmp/part-r-00000:0+16357
2024-02-29 18:47:34,428 INFO mapred.MapTask: (EQUATOR) 0 kvi 26214396(104857584)
2024-02-29 18:47:34,428 INFO mapred.MapTask: mapreduce.task.io.sort.mb: 100
2024-02-29 18:47:34,428 INFO mapred.MapTask: soft limit at 83886080
2024-02-29 18:47:34,428 INFO mapred.MapTask: bufstart = 0; bufvoid = 104857600
2024-02-29 18:47:34,428 INFO mapred.MapTask: kvstart = 26214396; length = 6553600
2024-02-29 18:47:34,429 INFO mapred.MapTask: Map output collector class = org.apache.hadoop.mapred.MapTask$MapOutputBuffer
2024-02-29 18:47:34,436 INFO mapred.LocalJobRunner: 
2024-02-29 18:47:34,436 INFO mapred.MapTask: Starting flush of map output
2024-02-29 18:47:34,436 INFO mapred.MapTask: Spilling map output
2024-02-29 18:47:34,436 INFO mapred.MapTask: bufstart = 0; bufend = 16000; bufvoid = 104857600
2024-02-29 18:47:34,436 INFO mapred.MapTask: kvstart = 26214396(104857584); kvend = 26214240(104856960); length = 157/6553600
2024-02-29 18:47:34,437 INFO mapred.MapTask: Finished spill 0
2024-02-29 18:47:34,438 INFO mapred.Task: Task:attempt_local767374955_0003_m_000000_0 is done. And is in the process of committing
2024-02-29 18:47:34,439 INFO mapred.LocalJobRunner: map
2024-02-29 18:47:34,439 INFO mapred.Task: Task 'attempt_local767374955_0003_m_000000_0' done.
2024-02-29 18:47:34,439 INFO mapred.Task: Final Counters for attempt_local767374955_0003_m_000000_0: Counters: 17
	File System Counters
		FILE: Number of bytes read=258810
		FILE: Number of bytes written=1878315
		FILE: Number of read operations=0
		FILE: Number of large read operations=0
		FILE: Number of write operations=0
	Map-Reduce Framework
		Map input records=40
		Map output records=40
		Map output bytes=16000
		Map output materialized bytes=16166
		Input split bytes=248
		Combine input records=0
		Spilled Records=40
		Failed Shuffles=0
		Merged Map outputs=0
		GC time elapsed (ms)=0
		Total committed heap usage (bytes)=2147483648
	File Input Format Counters 
		Bytes Read=0
2024-02-29 18:47:34,439 INFO mapred.LocalJobRunner: Finishing task: attempt_local767374955_0003_m_000000_0
2024-02-29 18:47:34,439 INFO mapred.LocalJobRunner: Starting task: attempt_local767374955_0003_m_000001_0
2024-02-29 18:47:34,440 INFO output.FileOutputCommitter: File Output Committer Algorithm version is 2
2024-02-29 18:47:34,440 INFO output.FileOutputCommitter: FileOutputCommitter skip cleanup _temporary folders under output directory:false, ignore cleanup failures: false
2024-02-29 18:47:34,441 INFO mapred.Task:  Using ResourceCalculatorProcessTree : [ ]
2024-02-29 18:47:34,441 INFO mapred.MapTask: Processing split: file:/home/ssunku1/project2/left_tmp/part-r-00000:0+16357
2024-02-29 18:47:34,452 INFO mapred.MapTask: (EQUATOR) 0 kvi 26214396(104857584)
2024-02-29 18:47:34,452 INFO mapred.MapTask: mapreduce.task.io.sort.mb: 100
2024-02-29 18:47:34,452 INFO mapred.MapTask: soft limit at 83886080
2024-02-29 18:47:34,452 INFO mapred.MapTask: bufstart = 0; bufvoid = 104857600
2024-02-29 18:47:34,452 INFO mapred.MapTask: kvstart = 26214396; length = 6553600
2024-02-29 18:47:34,453 INFO mapred.MapTask: Map output collector class = org.apache.hadoop.mapred.MapTask$MapOutputBuffer
2024-02-29 18:47:34,455 INFO mapred.LocalJobRunner: 
2024-02-29 18:47:34,455 INFO mapred.MapTask: Starting flush of map output
2024-02-29 18:47:34,455 INFO mapred.MapTask: Spilling map output
2024-02-29 18:47:34,455 INFO mapred.MapTask: bufstart = 0; bufend = 16000; bufvoid = 104857600
2024-02-29 18:47:34,455 INFO mapred.MapTask: kvstart = 26214396(104857584); kvend = 26214240(104856960); length = 157/6553600
2024-02-29 18:47:34,456 INFO mapred.MapTask: Finished spill 0
2024-02-29 18:47:34,457 INFO mapred.Task: Task:attempt_local767374955_0003_m_000001_0 is done. And is in the process of committing
2024-02-29 18:47:34,458 INFO mapred.LocalJobRunner: map
2024-02-29 18:47:34,458 INFO mapred.Task: Task 'attempt_local767374955_0003_m_000001_0' done.
2024-02-29 18:47:34,458 INFO mapred.Task: Final Counters for attempt_local767374955_0003_m_000001_0: Counters: 17
	File System Counters
		FILE: Number of bytes read=275817
		FILE: Number of bytes written=1894513
		FILE: Number of read operations=0
		FILE: Number of large read operations=0
		FILE: Number of write operations=0
	Map-Reduce Framework
		Map input records=40
		Map output records=40
		Map output bytes=16000
		Map output materialized bytes=16166
		Input split bytes=247
		Combine input records=0
		Spilled Records=40
		Failed Shuffles=0
		Merged Map outputs=0
		GC time elapsed (ms)=0
		Total committed heap usage (bytes)=2147483648
	File Input Format Counters 
		Bytes Read=0
2024-02-29 18:47:34,458 INFO mapred.LocalJobRunner: Finishing task: attempt_local767374955_0003_m_000001_0
2024-02-29 18:47:34,458 INFO mapred.LocalJobRunner: map task executor complete.
2024-02-29 18:47:34,459 INFO mapred.LocalJobRunner: Waiting for reduce tasks
2024-02-29 18:47:34,459 INFO mapred.LocalJobRunner: Starting task: attempt_local767374955_0003_r_000000_0
2024-02-29 18:47:34,460 INFO output.FileOutputCommitter: File Output Committer Algorithm version is 2
2024-02-29 18:47:34,460 INFO output.FileOutputCommitter: FileOutputCommitter skip cleanup _temporary folders under output directory:false, ignore cleanup failures: false
2024-02-29 18:47:34,460 INFO mapred.Task:  Using ResourceCalculatorProcessTree : [ ]
2024-02-29 18:47:34,460 INFO mapred.ReduceTask: Using ShuffleConsumerPlugin: org.apache.hadoop.mapreduce.task.reduce.Shuffle@4b50e48e
2024-02-29 18:47:34,460 WARN impl.MetricsSystemImpl: JobTracker metrics system already initialized!
2024-02-29 18:47:34,461 INFO reduce.MergeManagerImpl: The max number of bytes for a single in-memory shuffle cannot be larger than Integer.MAX_VALUE. Setting it to Integer.MAX_VALUE
2024-02-29 18:47:34,461 INFO reduce.MergeManagerImpl: MergerManager: memoryLimit=22525089792, maxSingleShuffleLimit=2147483647, mergeThreshold=14866560000, ioSortFactor=10, memToMemMergeOutputsThreshold=10
2024-02-29 18:47:34,461 INFO reduce.EventFetcher: attempt_local767374955_0003_r_000000_0 Thread started: EventFetcher for fetching Map Completion Events
2024-02-29 18:47:34,463 INFO reduce.LocalFetcher: localfetcher#3 about to shuffle output of map attempt_local767374955_0003_m_000000_0 decomp: 16162 len: 16166 to MEMORY
2024-02-29 18:47:34,463 INFO reduce.InMemoryMapOutput: Read 16162 bytes from map-output for attempt_local767374955_0003_m_000000_0
2024-02-29 18:47:34,463 INFO reduce.MergeManagerImpl: closeInMemoryFile -> map-output of size: 16162, inMemoryMapOutputs.size() -> 1, commitMemory -> 0, usedMemory ->16162
2024-02-29 18:47:34,464 INFO reduce.LocalFetcher: localfetcher#3 about to shuffle output of map attempt_local767374955_0003_m_000001_0 decomp: 16162 len: 16166 to MEMORY
2024-02-29 18:47:34,464 INFO reduce.InMemoryMapOutput: Read 16162 bytes from map-output for attempt_local767374955_0003_m_000001_0
2024-02-29 18:47:34,464 INFO reduce.MergeManagerImpl: closeInMemoryFile -> map-output of size: 16162, inMemoryMapOutputs.size() -> 2, commitMemory -> 16162, usedMemory ->32324
2024-02-29 18:47:34,464 INFO reduce.EventFetcher: EventFetcher is interrupted.. Returning
2024-02-29 18:47:34,465 INFO mapred.LocalJobRunner: 2 / 2 copied.
2024-02-29 18:47:34,465 INFO reduce.MergeManagerImpl: finalMerge called with 2 in-memory map-outputs and 0 on-disk map-outputs
2024-02-29 18:47:34,465 INFO mapred.Merger: Merging 2 sorted segments
2024-02-29 18:47:34,466 INFO mapred.Merger: Down to the last merge-pass, with 2 segments left of total size: 32300 bytes
2024-02-29 18:47:34,467 INFO reduce.MergeManagerImpl: Merged 2 segments, 32324 bytes to disk to satisfy reduce memory limit
2024-02-29 18:47:34,467 INFO reduce.MergeManagerImpl: Merging 1 files, 32326 bytes from disk
2024-02-29 18:47:34,467 INFO reduce.MergeManagerImpl: Merging 0 segments, 0 bytes from memory into reduce
2024-02-29 18:47:34,467 INFO mapred.Merger: Merging 1 sorted segments
2024-02-29 18:47:34,467 INFO mapred.Merger: Down to the last merge-pass, with 1 segments left of total size: 32310 bytes
2024-02-29 18:47:34,467 INFO mapred.LocalJobRunner: 2 / 2 copied.
2024-02-29 18:47:34,537 INFO mapred.Task: Task:attempt_local767374955_0003_r_000000_0 is done. And is in the process of committing
2024-02-29 18:47:34,538 INFO mapred.LocalJobRunner: 2 / 2 copied.
2024-02-29 18:47:34,538 INFO mapred.Task: Task attempt_local767374955_0003_r_000000_0 is allowed to commit now
2024-02-29 18:47:34,564 INFO output.FileOutputCommitter: Saved output of task 'attempt_local767374955_0003_r_000000_0' to file:/home/ssunku1/project2/output
2024-02-29 18:47:34,564 INFO mapred.LocalJobRunner: reduce > reduce
2024-02-29 18:47:34,565 INFO mapred.Task: Task 'attempt_local767374955_0003_r_000000_0' done.
2024-02-29 18:47:34,565 INFO mapred.Task: Final Counters for attempt_local767374955_0003_r_000000_0: Counters: 24
	File System Counters
		FILE: Number of bytes read=340539
		FILE: Number of bytes written=1941550
		FILE: Number of read operations=0
		FILE: Number of large read operations=0
		FILE: Number of write operations=0
	Map-Reduce Framework
		Combine input records=0
		Combine output records=0
		Reduce input groups=40
		Reduce shuffle bytes=32332
		Reduce input records=80
		Reduce output records=40
		Spilled Records=80
		Shuffled Maps =2
		Failed Shuffles=0
		Merged Map outputs=2
		GC time elapsed (ms)=0
		Total committed heap usage (bytes)=2147483648
	Shuffle Errors
		BAD_ID=0
		CONNECTION=0
		IO_ERROR=0
		WRONG_LENGTH=0
		WRONG_MAP=0
		WRONG_REDUCE=0
	File Output Format Counters 
		Bytes Written=14711
2024-02-29 18:47:34,565 INFO mapred.LocalJobRunner: Finishing task: attempt_local767374955_0003_r_000000_0
2024-02-29 18:47:34,565 INFO mapred.LocalJobRunner: reduce task executor complete.
2024-02-29 18:47:35,359 INFO mapreduce.Job: Job job_local767374955_0003 running in uber mode : false
2024-02-29 18:47:35,360 INFO mapreduce.Job:  map 100% reduce 100%
2024-02-29 18:47:35,360 INFO mapreduce.Job: Job job_local767374955_0003 completed successfully
2024-02-29 18:47:35,362 INFO mapreduce.Job: Counters: 30
	File System Counters
		FILE: Number of bytes read=875166
		FILE: Number of bytes written=5714378
		FILE: Number of read operations=0
		FILE: Number of large read operations=0
		FILE: Number of write operations=0
	Map-Reduce Framework
		Map input records=80
		Map output records=80
		Map output bytes=32000
		Map output materialized bytes=32332
		Input split bytes=495
		Combine input records=0
		Combine output records=0
		Reduce input groups=40
		Reduce shuffle bytes=32332
		Reduce input records=80
		Reduce output records=40
		Spilled Records=160
		Shuffled Maps =2
		Failed Shuffles=0
		Merged Map outputs=2
		GC time elapsed (ms)=0
		Total committed heap usage (bytes)=6442450944
	Shuffle Errors
		BAD_ID=0
		CONNECTION=0
		IO_ERROR=0
		WRONG_LENGTH=0
		WRONG_MAP=0
		WRONG_REDUCE=0
	File Input Format Counters 
		Bytes Read=0
	File Output Format Counters 
		Bytes Written=14711
